[debug] [2021-03-15T17:01:23.791Z] ----------------------------------------------------------------------
[debug] [2021-03-15T17:01:23.793Z] Command:       /usr/bin/node /usr/bin/firebase init
[debug] [2021-03-15T17:01:23.793Z] CLI Version:   9.6.1
[debug] [2021-03-15T17:01:23.793Z] Platform:      linux
[debug] [2021-03-15T17:01:23.793Z] Node Version:  v14.16.0
[debug] [2021-03-15T17:01:23.793Z] Time:          Mon Mar 15 2021 23:01:23 GMT+0600 (Bangladesh Standard Time)
[debug] [2021-03-15T17:01:23.794Z] ----------------------------------------------------------------------
[debug] [2021-03-15T17:01:23.794Z] 
[debug] [2021-03-15T17:01:23.798Z] > command requires scopes: ["email","openid","https://www.googleapis.com/auth/cloudplatformprojects.readonly","https://www.googleapis.com/auth/firebase","https://www.googleapis.com/auth/cloud-platform"]
[debug] [2021-03-15T17:01:23.798Z] > authorizing via signed-in user
[info] 
     ######## #### ########  ######## ########     ###     ######  ########
     ##        ##  ##     ## ##       ##     ##  ##   ##  ##       ##
     ######    ##  ########  ######   ########  #########  ######  ######
     ##        ##  ##    ##  ##       ##     ## ##     ##       ## ##
     ##       #### ##     ## ######## ########  ##     ##  ######  ########

You're about to initialize a Firebase project in this directory:

  /media/siddiky/Siddiky Files/Web-Development/React/Recap Modules/recap-authentacation

Before we get started, keep in mind:

  * You are currently outside your home directory

[info] 
=== Project Setup
[info] 
[info] First, let's associate this project directory with a Firebase project.
[info] You can create multiple project aliases by running firebase use --add, 
[info] but for now we'll just set up a default project.
[info] 
[debug] [2021-03-15T17:02:53.107Z] >>> [apiv2][query] GET https://firebase.googleapis.com/v1beta1/projects pageSize=100
[debug] [2021-03-15T17:02:56.011Z] <<< [apiv2][status] GET https://firebase.googleapis.com/v1beta1/projects 200
[debug] [2021-03-15T17:02:56.011Z] <<< [apiv2][body] GET https://firebase.googleapis.com/v1beta1/projects [omitted]
[info] i  Using project authenticating-form (authenticating-form) 
[info] 
=== Hosting Setup
[info] 
[info] Your public directory is the folder (relative to your project directory) that
[info] will contain Hosting assets to be uploaded with firebase deploy. If you
[info] have a build process for your assets, use your build's output directory.
[info] 
[info] ✔  Wrote build/404.html 
[debug] [2021-03-15T17:04:24.170Z] >>> [apiv2][query] GET https://www.gstatic.com/firebasejs/releases.json [none]
[debug] [2021-03-15T17:04:24.369Z] <<< [apiv2][status] GET https://www.gstatic.com/firebasejs/releases.json 200
[debug] [2021-03-15T17:04:24.370Z] <<< [apiv2][body] GET https://www.gstatic.com/firebasejs/releases.json {"current":{"version":"8.3.0","browserURL":"https://www.gstatic.com/firebasejs/8.3.0/firebase.js","packageURL":"https://www.gstatic.com/firebasejs/8.3.0/firebase.tgz"},"live":{"version":"8.3","browserURL":"https://www.gstatic.com/firebasejs/live/8.3/firebase.js","packageURL":"https://www.gstatic.com/firebasejs/live/8.3/firebase.tgz"},"components":{"analytics":"https://www.gstatic.com/firebasejs/8.3.0/firebase-analytics.js","app":"https://www.gstatic.com/firebasejs/8.3.0/firebase-app.js","auth":"https://www.gstatic.com/firebasejs/8.3.0/firebase-auth.js","database":"https://www.gstatic.com/firebasejs/8.3.0/firebase-database.js","firestore":"https://www.gstatic.com/firebasejs/8.3.0/firebase-firestore.js","functions":"https://www.gstatic.com/firebasejs/8.3.0/firebase-functions.js","installations":"https://www.gstatic.com/firebasejs/8.3.0/firebase-installations.js","messaging":"https://www.gstatic.com/firebasejs/8.3.0/firebase-messaging.js","storage":"https://www.gstatic.com/firebasejs/8.3.0/firebase-storage.js","performance":"https://www.gstatic.com/firebasejs/8.3.0/firebase-performance.js","remote-config":"https://www.gstatic.com/firebasejs/8.3.0/firebase-remote-config.js","firestore.memory":"https://www.gstatic.com/firebasejs/8.3.0/firebase-firestore.memory.js"}}
[info] ✔  Wrote build/index.html 
[info] 
[info] i  Detected a .git folder at /media/siddiky/Siddiky Files/Web-Development 
[info] i  Authorizing with GitHub to upload your service account to a GitHub repository's secrets store. 
[info] 
[info] Visit this URL on this device to log in:
[info] https://github.com/login/oauth/authorize?client_id=89cf50f02ac6aaed3484&state=757931559&redirect_uri=http%3A%2F%2Flocalhost%3A9005&scope=read%3Auser%20repo%20public_repo
[info] 
[info] Waiting for authentication...
[debug] [2021-03-15T17:04:44.011Z] >>> HTTP REQUEST POST https://github.com/login/oauth/access_token  
 {"client_id":"89cf50f02ac6aaed3484","client_secret":"3330d14abc895d9a74d5f17cd7a00711fa2c5bf0","code":"f6453395fc5c95f25b8c","redirect_uri":"http://localhost:9005","state":"757931559"}
[debug] [2021-03-15T17:04:44.652Z] <<< HTTP RESPONSE 200 {"server":"GitHub.com","date":"Mon, 15 Mar 2021 17:04:44 GMT","content-type":"application/json; charset=utf-8","transfer-encoding":"chunked","vary":"X-PJAX, Accept-Encoding, Accept, X-Requested-With","etag":"W/\"feb31fd91052d2c4077da0965cbf5d89\"","cache-control":"max-age=0, private, must-revalidate","strict-transport-security":"max-age=31536000; includeSubdomains; preload","x-frame-options":"deny","x-content-type-options":"nosniff","x-xss-protection":"1; mode=block","referrer-policy":"origin-when-cross-origin, strict-origin-when-cross-origin","expect-ct":"max-age=2592000, report-uri=\"https://api.github.com/_private/browser/errors\"","content-security-policy":"default-src 'none'; base-uri 'self'; block-all-mixed-content; connect-src 'self' uploads.github.com www.githubstatus.com collector.githubapp.com api.github.com github-cloud.s3.amazonaws.com github-production-repository-file-5c1aeb.s3.amazonaws.com github-production-upload-manifest-file-7fdce7.s3.amazonaws.com github-production-user-asset-6210df.s3.amazonaws.com cdn.optimizely.com logx.optimizely.com/v1/events wss://alive.github.com; font-src github.githubassets.com; form-action 'self' github.com gist.github.com; frame-ancestors 'none'; frame-src render.githubusercontent.com; img-src 'self' data: github.githubassets.com identicons.github.com collector.githubapp.com github-cloud.s3.amazonaws.com secured-user-images.githubusercontent.com/ *.githubusercontent.com; manifest-src 'self'; media-src 'none'; script-src github.githubassets.com; style-src 'unsafe-inline' github.githubassets.com; worker-src github.com/socket-worker-6832eced.js gist.github.com/socket-worker-6832eced.js","x-github-request-id":"D56E:49E9:8C76B:9DE00:604F93AC"}
[debug] [2021-03-15T17:04:44.665Z] >>> [apiv2][query] GET https://api.github.com/user [none]
[debug] [2021-03-15T17:04:45.266Z] <<< [apiv2][status] GET https://api.github.com/user 200
[debug] [2021-03-15T17:04:45.266Z] <<< [apiv2][body] GET https://api.github.com/user {"login":"NA-Siddiky","id":67842629,"node_id":"MDQ6VXNlcjY3ODQyNjI5","avatar_url":"https://avatars.githubusercontent.com/u/67842629?v=4","gravatar_id":"","url":"https://api.github.com/users/NA-Siddiky","html_url":"https://github.com/NA-Siddiky","followers_url":"https://api.github.com/users/NA-Siddiky/followers","following_url":"https://api.github.com/users/NA-Siddiky/following{/other_user}","gists_url":"https://api.github.com/users/NA-Siddiky/gists{/gist_id}","starred_url":"https://api.github.com/users/NA-Siddiky/starred{/owner}{/repo}","subscriptions_url":"https://api.github.com/users/NA-Siddiky/subscriptions","organizations_url":"https://api.github.com/users/NA-Siddiky/orgs","repos_url":"https://api.github.com/users/NA-Siddiky/repos","events_url":"https://api.github.com/users/NA-Siddiky/events{/privacy}","received_events_url":"https://api.github.com/users/NA-Siddiky/received_events","type":"User","site_admin":false,"name":"Md. Nur-E-Alom Siddiky","company":"Pabna University of Science and Technology","blog":"https://nasiddiky.wixsite.com/mnas","location":"Kushtia-7040, Bangladesh","email":null,"hireable":null,"bio":"Welling to share my knowledge and skills and try to developing myself to achieve success.","twitter_username":"NA_Siddiky","public_repos":36,"public_gists":0,"followers":0,"following":1,"created_at":"2020-07-04T20:52:44Z","updated_at":"2021-03-15T16:36:25Z","private_gists":0,"total_private_repos":1,"owned_private_repos":1,"disk_usage":202849,"collaborators":0,"two_factor_authentication":false,"plan":{"name":"free","space":976562499,"collaborators":0,"private_repos":10000}}
[info] 
[info] ✔  Success! Logged into GitHub as NA-Siddiky 
[info] 
[debug] [2021-03-15T17:05:03.673Z] >>> [apiv2][query] GET https://api.github.com/repos/y/actions/secrets/public-key type=owner
[debug] [2021-03-15T17:05:04.209Z] <<< [apiv2][status] GET https://api.github.com/repos/y/actions/secrets/public-key 404
[debug] [2021-03-15T17:05:04.210Z] <<< [apiv2][body] GET https://api.github.com/repos/y/actions/secrets/public-key {"message":"Not Found","documentation_url":"https://docs.github.com/rest"}
[debug] [2021-03-15T17:05:14.070Z] >>> [apiv2][query] GET https://api.github.com/repos//actions/secrets/public-key type=owner
[debug] [2021-03-15T17:05:14.562Z] <<< [apiv2][status] GET https://api.github.com/repos//actions/secrets/public-key 404
[debug] [2021-03-15T17:05:14.562Z] <<< [apiv2][body] GET https://api.github.com/repos//actions/secrets/public-key {"message":"Not Found","documentation_url":"https://docs.github.com/rest"}
